1734343656069:help
1734343681826:push 5
1734343687073:clear
1734344002465:help
1734344018288:push 45
1734344020584:clear
1734344023721:exit
1734344104044:help
1734344107034:exit
1734344213006:help
1734344221186:push 23
1734344229029:push 12
1734344234919:add
1734344244098:push 5678
1734344247814:push 45
1734344254898:divide
1734344263812:multiply
1734344276532:push 4000
1734344282529:subtract
1734344290731:exit
1734344630322:help
1734344800681:exit
1734697014561:push 5
1734697017890:push 10
1734697023567:push 50
1734697028378:average
1734697039910:min
1734697043252:max
1734697061566:product-all
1734697071352:push 60
1734697075539:sum-all
1734697286720:help
1736089241508:helo
1736089243483:help
1736089702503:exit
1736089718363:help
1736089993964:exit
